<?xml version="1.0" encoding="UTF-8"?>
<testng-results ignored="0" total="1" passed="1" failed="0" skipped="0">
  <reporter-output>
  </reporter-output>
  <suite started-at="2025-03-05T19:11:15 NZDT" name="Suite" finished-at="2025-03-05T19:11:21 NZDT" duration-ms="5909">
    <groups>
    </groups>
    <test started-at="2025-03-05T19:11:15 NZDT" name="test" finished-at="2025-03-05T19:11:21 NZDT" duration-ms="5909">
      <class name="testCases.TC001_AccountRegistrationTest">
        <test-method is-config="true" signature="setup(java.lang.String,java.lang.String)[pri:0, instance:testCases.TC001_AccountRegistrationTest@15a902e7]" started-at="2025-03-05T19:11:15 NZDT" name="setup" finished-at="2025-03-05T19:11:19 NZDT" duration-ms="4032" status="PASS">
          <params>
            <param index="0">
              <value>
                <![CDATA[Windows]]>
              </value>
            </param>
            <param index="1">
              <value>
                <![CDATA[edge]]>
              </value>
            </param>
          </params>
          <reporter-output>
          </reporter-output>
        </test-method> <!-- setup -->
        <test-method signature="verify_account_registeration()[pri:0, instance:testCases.TC001_AccountRegistrationTest@15a902e7]" started-at="2025-03-05T19:11:19 NZDT" name="verify_account_registeration" finished-at="2025-03-05T19:11:21 NZDT" duration-ms="1690" status="PASS">
          <reporter-output>
          </reporter-output>
        </test-method> <!-- verify_account_registeration -->
        <test-method is-config="true" signature="tearDown()[pri:0, instance:testCases.TC001_AccountRegistrationTest@15a902e7]" started-at="2025-03-05T19:11:21 NZDT" name="tearDown" finished-at="2025-03-05T19:11:21 NZDT" duration-ms="151" status="PASS">
          <reporter-output>
          </reporter-output>
        </test-method> <!-- tearDown -->
      </class> <!-- testCases.TC001_AccountRegistrationTest -->
    </test> <!-- test -->
  </suite> <!-- Suite -->
</testng-results>
